<?xml version="1.0" encoding="UTF-8"?>
<!-- Generated by org.testng.reporters.JUnitReportReporter -->
<testsuite skipped="0" hostname="LAPTOP-8E17MBAE" name="orangehrm.Workwithxl" tests="1" failures="0" timestamp="25 Oct 2018 06:57:13 GMT" time="0.236" errors="0">
  <testcase name="ReadDataFromXLSE" time="0.236" classname="orangehrm.Workwithxl"/>
</testsuite> <!-- orangehrm.Workwithxl -->
