<?xml version="1.0" encoding="UTF-8"?>
<!-- Generated by org.testng.reporters.JUnitReportReporter -->
<testsuite skipped="0" hostname="LAPTOP-8E17MBAE" name="orangehrm.Tc2" tests="1" failures="0" timestamp="24 Oct 2018 18:05:57 GMT" time="33.610" errors="0">
  <testcase name="addemp" time="33.610" classname="orangehrm.Tc2"/>
</testsuite> <!-- orangehrm.Tc2 -->
